[PREINITIALIZATION][CLIENT][INFO] Current loaders after merging: [[preinit]]
[PREINITIALIZATION][CLIENT][INFO] Loading scripts for loader with names [preinit]
[PREINITIALIZATION][CLIENT][INFO] [preinit | SIDE_CLIENT]: Skipping file {[100:contenttweaker]: newfuels.zs} as we are currently loading with a different loader
[PREINITIALIZATION][CLIENT][INFO] [preinit | SIDE_CLIENT]: Skipping file {[0:crafttweaker]: devitems.zs} as we are currently loading with a different loader
[PREINITIALIZATION][CLIENT][INFO] [preinit | SIDE_CLIENT]: Skipping file {[0:crafttweaker]: renaming.zs} as we are currently loading with a different loader
[PREINITIALIZATION][CLIENT][INFO] Completed script loading in: 3ms
[PREINITIALIZATION][CLIENT][INFO] Current loaders after merging: [[preinit], [contenttweaker]]
[PREINITIALIZATION][CLIENT][INFO] Loading scripts for loader with names [contenttweaker]
[PREINITIALIZATION][CLIENT][INFO] [contenttweaker | SIDE_CLIENT]: Loading Script: {[100:contenttweaker]: newfuels.zs}
[PREINITIALIZATION][CLIENT][INFO] [contenttweaker | SIDE_CLIENT]: Skipping file {[0:crafttweaker]: devitems.zs} as we are currently loading with a different loader
[PREINITIALIZATION][CLIENT][INFO] [contenttweaker | SIDE_CLIENT]: Skipping file {[0:crafttweaker]: renaming.zs} as we are currently loading with a different loader
[PREINITIALIZATION][CLIENT][INFO] Completed script loading in: 331ms
[INITIALIZATION][CLIENT][INFO] CraftTweaker: Building registry
[INITIALIZATION][CLIENT][INFO] CraftTweaker: Successfully built item registry
[INITIALIZATION][CLIENT][INFO] Current loaders after merging: [[preinit], [contenttweaker], [recipeevent | crafttweaker]]
[INITIALIZATION][CLIENT][INFO] Loading scripts for loader with names [crafttweaker | recipeevent]
[INITIALIZATION][CLIENT][INFO] [crafttweaker | SIDE_CLIENT]: Skipping file {[100:contenttweaker]: newfuels.zs} as we are currently loading with a different loader
[INITIALIZATION][CLIENT][INFO] [crafttweaker | SIDE_CLIENT]: Loading Script: {[0:crafttweaker]: devitems.zs}
[INITIALIZATION][CLIENT][INFO] [crafttweaker | SIDE_CLIENT]: Loading Script: {[0:crafttweaker]: renaming.zs}
[INITIALIZATION][CLIENT][INFO] Translating item.gem.name to Matter-Antimatter Fuel
[INITIALIZATION][CLIENT][INFO] Translating tile.oreEmerald.name to Green Ore
[INITIALIZATION][CLIENT][INFO] Adding item.contenttweaker.zs_item.name to ore dictionary entry gemDilithium
[INITIALIZATION][CLIENT][INFO] Translating item.contenttweaker.zs_item.name to Activated Warp Fuel
[INITIALIZATION][CLIENT][INFO] Completed script loading in: 40ms
[INITIALIZATION][CLIENT][INFO] Translating item.gem.name to Matter-Antimatter Fuel
[INITIALIZATION][CLIENT][INFO] Translating tile.oreEmerald.name to Green Ore
[INITIALIZATION][CLIENT][INFO] Translating item.contenttweaker.zs_item.name to Activated Warp Fuel
[INITIALIZATION][CLIENT][INFO] Current loaders after merging: [[preinit], [contenttweaker], [crafttweaker | recipeevent], [multiblocked]]
[INITIALIZATION][CLIENT][INFO] Loading scripts for loader with names [multiblocked]
[INITIALIZATION][CLIENT][INFO] [multiblocked | SIDE_CLIENT]: Skipping file {[100:contenttweaker]: newfuels.zs} as we are currently loading with a different loader
[INITIALIZATION][CLIENT][INFO] [multiblocked | SIDE_CLIENT]: Skipping file {[0:crafttweaker]: devitems.zs} as we are currently loading with a different loader
[INITIALIZATION][CLIENT][INFO] [multiblocked | SIDE_CLIENT]: Skipping file {[0:crafttweaker]: renaming.zs} as we are currently loading with a different loader
[INITIALIZATION][CLIENT][INFO] Completed script loading in: 0ms
[POSTINITIALIZATION][CLIENT][INFO] Removing recipes for various outputs
[AVAILABLE][CLIENT][INFO] Fixed the RecipeBook
[AVAILABLE][CLIENT][INFO] Hiding item in JEI: <minecraft:dirt>
[AVAILABLE][CLIENT][INFO] Hiding item in JEI: <minecraft:cobblestone>
[AVAILABLE][CLIENT][INFO] Hiding item in JEI: <minecraft:stone>
